[ 2023-10-14 15:34:10,660 ] 19 root - INFO - At model trainier
[ 2023-10-14 15:34:10,660 ] 13 root - INFO - Data Ingestion is started
[ 2023-10-14 15:34:10,819 ] 17 root - INFO - Saving data
[ 2023-10-14 15:34:11,196 ] 22 root - INFO - Ingestion success
[ 2023-10-14 15:34:11,196 ] 23 root - INFO - Training data stored at artifacts\train.csv
[ 2023-10-14 15:34:11,196 ] 24 root - INFO - Test path stored at artifacts\test.csv
[ 2023-10-14 15:34:11,197 ] 17 root - INFO - Initiating Pipeline
[ 2023-10-14 15:34:11,355 ] 23 root - INFO - Splitting data in train and test
[ 2023-10-14 15:34:11,360 ] 33 root - INFO - Establishing Pipeline
[ 2023-10-14 15:34:11,360 ] 54 root - INFO - Pipeline creation done successfully
[ 2023-10-14 15:34:11,361 ] 56 root - INFO - Pipleine Successfully created saving pickle file of preprocessor
[ 2023-10-14 15:34:11,362 ] 58 root - INFO - Preprocessor saved in models
[ 2023-10-14 15:34:11,362 ] 24 root - INFO - Splitting Sucess
[ 2023-10-14 15:34:11,363 ] 25 root - INFO - Got Index(['age', 'workclass', 'fnlwgt', 'education', 'education-num',
       'marital-status', 'occupation', 'relationship', 'race', 'sex',
       'capital-gain', 'capital-loss', 'hours-per-week', 'country'],
      dtype='object') as column names
[ 2023-10-14 15:34:11,363 ] 31 root - INFO - Transforming data
[ 2023-10-14 15:34:11,524 ] 36 root - INFO - Doing hyperparameter tuning for Decision Tree Classifier
[ 2023-10-14 15:34:24,229 ] 47 root - INFO - Done hyperpamater tuning
[ 2023-10-14 15:34:24,229 ] 54 root - INFO - Model Training
[ 2023-10-14 15:34:24,486 ] 57 root - INFO - Training Success
[ 2023-10-14 15:34:24,542 ] 63 root - INFO - Training success
[ 2023-10-14 15:34:24,542 ] 64 root - INFO - Accuracy is 85.43351417750026 %
[ 2023-10-14 15:34:24,542 ] 65 root - INFO - Classification report 
               precision    recall  f1-score   support

           0       0.87      0.96      0.91      7455
           1       0.79      0.52      0.63      2314

    accuracy                           0.85      9769
   macro avg       0.83      0.74      0.77      9769
weighted avg       0.85      0.85      0.84      9769
 
[ 2023-10-14 15:34:24,543 ] 66 root - INFO - confusion matrix 
 [[7139  316]
 [1107 1207]]
[ 2023-10-14 15:34:24,543 ] 67 root - INFO - saved model file at models
