[ 2023-10-13 22:57:31,472 ] 19 root - INFO - At model trainier
[ 2023-10-13 22:57:31,472 ] 13 root - INFO - Data Ingestion is started
[ 2023-10-13 22:57:31,554 ] 17 root - INFO - Saving data
[ 2023-10-13 22:57:31,694 ] 22 root - INFO - Ingestion success
[ 2023-10-13 22:57:31,694 ] 23 root - INFO - Training data stored at artifacts\train.csv
[ 2023-10-13 22:57:31,694 ] 24 root - INFO - Test path stored at artifacts\test.csv
[ 2023-10-13 22:57:31,694 ] 17 root - INFO - Initiating Pipeline
[ 2023-10-13 22:57:31,773 ] 23 root - INFO - Splitting data in train and test
[ 2023-10-13 22:57:31,773 ] 33 root - INFO - Establishing Pipeline
[ 2023-10-13 22:57:31,773 ] 54 root - INFO - Pipeline creation done successfully
[ 2023-10-13 22:57:31,773 ] 56 root - INFO - Pipleine Successfully created saving pickle file of preprocessor
[ 2023-10-13 22:57:31,773 ] 58 root - INFO - Preprocessor saved in models
[ 2023-10-13 22:57:31,773 ] 24 root - INFO - Transforming data
[ 2023-10-13 22:57:31,900 ] 29 root - INFO - Doing hyperparameter tuning for Decision Tree Classifier
[ 2023-10-13 22:57:38,845 ] 39 root - INFO - Done hyperpamater tuning
[ 2023-10-13 22:57:38,845 ] 46 root - INFO - Model Training
[ 2023-10-13 22:57:38,953 ] 49 root - INFO - Training Success
[ 2023-10-13 22:57:38,984 ] 55 root - INFO - Training success
[ 2023-10-13 22:57:38,984 ] 56 root - INFO - Accuracy is 85.43351417750026 %
[ 2023-10-13 22:57:38,984 ] 57 root - INFO - Classification report 
               precision    recall  f1-score   support

           0       0.87      0.96      0.91      7455
           1       0.79      0.52      0.63      2314

    accuracy                           0.85      9769
   macro avg       0.83      0.74      0.77      9769
weighted avg       0.85      0.85      0.84      9769
 
[ 2023-10-13 22:57:38,984 ] 58 root - INFO - confusion matrix 
 [[7139  316]
 [1107 1207]]
[ 2023-10-13 22:57:38,984 ] 59 root - INFO - saved model file at models
