[ 2023-10-14 22:18:36,266 ] 11 root - INFO - In App.py
[ 2023-10-14 22:18:36,266 ] 14 root - INFO - Showing Index page
[ 2023-10-14 22:18:36,308 ] 96 werkzeug - INFO - [31m[1mWARNING: This is a development server. Do not use it in a production deployment. Use a production WSGI server instead.[0m
 * Running on all addresses (0.0.0.0)
 * Running on http://127.0.0.1:8080
 * Running on http://192.168.1.37:8080
[ 2023-10-14 22:18:36,308 ] 96 werkzeug - INFO - [33mPress CTRL+C to quit[0m
[ 2023-10-14 22:18:39,530 ] 22 root - INFO - Submit command recieved
[ 2023-10-14 22:18:39,530 ] 40 root - INFO - recieved values [51, 'Private', 108435, 'Masters', 14, 'Married-civ-spouse', 'Prof-specialty', 'Husband', 'White', 'Male', 0, 0, 47, 'United-States']
[ 2023-10-14 22:18:39,530 ] 16 root - INFO - In Predict py importing models
[ 2023-10-14 22:18:40,135 ] 24 root - INFO - Data Transoformation
[ 2023-10-14 22:18:40,135 ] 26 root - INFO - Predicting Results
[ 2023-10-14 22:18:40,164 ] 33 root - INFO - Result is 1
[ 2023-10-14 22:18:40,164 ] 42 root - INFO - Done Prediction
[ 2023-10-14 22:18:40,200 ] 96 werkzeug - INFO - 127.0.0.1 - - [14/Oct/2023 22:18:40] "POST /submit HTTP/1.1" 200 -
[ 2023-10-14 22:20:08,601 ] 22 root - INFO - Submit command recieved
[ 2023-10-14 22:20:08,605 ] 40 root - INFO - recieved values [51, 'Private', 108435, 'Masters', 14, 'Married-civ-spouse', 'Prof-specialty', 'Husband', 'White', 'Male', 0, 0, 47, 'United-States']
[ 2023-10-14 22:20:08,605 ] 16 root - INFO - In Predict py importing models
[ 2023-10-14 22:20:08,605 ] 24 root - INFO - Data Transoformation
[ 2023-10-14 22:20:08,605 ] 26 root - INFO - Predicting Results
[ 2023-10-14 22:20:08,605 ] 33 root - INFO - Result is 1
[ 2023-10-14 22:20:08,605 ] 42 root - INFO - Done Prediction
[ 2023-10-14 22:20:08,605 ] 96 werkzeug - INFO - 127.0.0.1 - - [14/Oct/2023 22:20:08] "POST /submit HTTP/1.1" 200 -
[ 2023-10-14 22:20:38,468 ] 22 root - INFO - Submit command recieved
[ 2023-10-14 22:20:38,474 ] 40 root - INFO - recieved values [51, 'Private', 10400, 'Masters', 14, 'Never-married', 'Prof-specialty', 'Unmarried', 'White', 'Male', 0, 0, 47, 'United-States']
[ 2023-10-14 22:20:38,474 ] 16 root - INFO - In Predict py importing models
[ 2023-10-14 22:20:38,474 ] 24 root - INFO - Data Transoformation
[ 2023-10-14 22:20:38,474 ] 26 root - INFO - Predicting Results
[ 2023-10-14 22:20:38,487 ] 30 root - INFO - Result is 0
[ 2023-10-14 22:20:38,487 ] 42 root - INFO - Done Prediction
[ 2023-10-14 22:20:38,488 ] 96 werkzeug - INFO - 127.0.0.1 - - [14/Oct/2023 22:20:38] "POST /submit HTTP/1.1" 200 -
[ 2023-10-14 22:21:24,711 ] 22 root - INFO - Submit command recieved
[ 2023-10-14 22:21:24,711 ] 40 root - INFO - recieved values [51, 'Private', 10400, 'Masters', 14, 'Never-married', 'Prof-specialty', 'Unmarried', 'White', 'Male', 0, 0, 47, 'United-States']
[ 2023-10-14 22:21:24,711 ] 16 root - INFO - In Predict py importing models
[ 2023-10-14 22:21:24,711 ] 24 root - INFO - Data Transoformation
[ 2023-10-14 22:21:24,711 ] 26 root - INFO - Predicting Results
[ 2023-10-14 22:21:24,728 ] 30 root - INFO - Result is 0
[ 2023-10-14 22:21:24,728 ] 42 root - INFO - Done Prediction
[ 2023-10-14 22:21:24,728 ] 96 werkzeug - INFO - 127.0.0.1 - - [14/Oct/2023 22:21:24] "POST /submit HTTP/1.1" 200 -
