[ 2023-10-14 15:23:30,861 ] 19 root - INFO - At model trainier
[ 2023-10-14 15:23:30,861 ] 13 root - INFO - Data Ingestion is started
[ 2023-10-14 15:23:30,982 ] 17 root - INFO - Saving data
[ 2023-10-14 15:23:31,270 ] 22 root - INFO - Ingestion success
[ 2023-10-14 15:23:31,270 ] 23 root - INFO - Training data stored at artifacts\train.csv
[ 2023-10-14 15:23:31,270 ] 24 root - INFO - Test path stored at artifacts\test.csv
[ 2023-10-14 15:23:31,272 ] 17 root - INFO - Initiating Pipeline
[ 2023-10-14 15:23:31,402 ] 23 root - INFO - Splitting data in train and test
[ 2023-10-14 15:23:31,411 ] 33 root - INFO - Establishing Pipeline
[ 2023-10-14 15:23:31,411 ] 54 root - INFO - Pipeline creation done successfully
[ 2023-10-14 15:23:31,434 ] 56 root - INFO - Pipleine Successfully created saving pickle file of preprocessor
[ 2023-10-14 15:23:31,436 ] 58 root - INFO - Preprocessor saved in models
[ 2023-10-14 15:23:31,440 ] 24 root - INFO - Splitting Sucess
[ 2023-10-14 15:23:31,442 ] 25 root - INFO - Got Index(['age', 'workclass', 'fnlwgt', 'education', 'education-num',
       'marital-status', 'occupation', 'relationship', 'race', 'sex',
       'capital-gain', 'capital-loss', 'hours-per-week', 'country'],
      dtype='object') as column names
[ 2023-10-14 15:23:31,442 ] 27 root - INFO - Transforming data
[ 2023-10-14 15:23:31,672 ] 32 root - INFO - Doing hyperparameter tuning for Decision Tree Classifier
[ 2023-10-14 15:23:42,306 ] 43 root - INFO - Done hyperpamater tuning
[ 2023-10-14 15:23:42,308 ] 50 root - INFO - Model Training
[ 2023-10-14 15:23:42,575 ] 53 root - INFO - Training Success
[ 2023-10-14 15:23:42,629 ] 59 root - INFO - Training success
[ 2023-10-14 15:23:42,630 ] 60 root - INFO - Accuracy is 85.43351417750026 %
[ 2023-10-14 15:23:42,630 ] 61 root - INFO - Classification report 
               precision    recall  f1-score   support

           0       0.87      0.96      0.91      7455
           1       0.79      0.52      0.63      2314

    accuracy                           0.85      9769
   macro avg       0.83      0.74      0.77      9769
weighted avg       0.85      0.85      0.84      9769
 
[ 2023-10-14 15:23:42,630 ] 62 root - INFO - confusion matrix 
 [[7139  316]
 [1107 1207]]
[ 2023-10-14 15:23:42,630 ] 63 root - INFO - saved model file at models
